Analysis & Synthesis report for Compuertas
Fri Sep 24 20:09:56 2021
Quartus Prime Version 20.1.1 Build 720 11/11/2020 SJ Lite Edition


---------------------
; Table of Contents ;
---------------------
  1. Legal Notice
  2. Analysis & Synthesis Summary
  3. Analysis & Synthesis Settings
  4. Parallel Compilation
  5. Analysis & Synthesis Source Files Read
  6. Analysis & Synthesis Resource Usage Summary
  7. Analysis & Synthesis Resource Utilization by Entity
  8. Registers Removed During Synthesis
  9. Removed Registers Triggering Further Register Optimizations
 10. General Register Statistics
 11. Parameter Settings for User Entity Instance: spi_ee_config:u_spi_ee_config
 12. Parameter Settings for User Entity Instance: spi_ee_config:u_spi_ee_config|spi_controller:u_spi_controller
 13. Port Connectivity Checks: "spi_ee_config:u_spi_ee_config"
 14. Port Connectivity Checks: "SEG7_LUT_6:u0"
 15. Post-Synthesis Netlist Statistics for Top Partition
 16. Elapsed Time Per Partition
 17. Analysis & Synthesis Messages
 18. Analysis & Synthesis Suppressed Messages



----------------
; Legal Notice ;
----------------
Copyright (C) 2020  Intel Corporation. All rights reserved.
Your use of Intel Corporation's design tools, logic functions 
and other software and tools, and any partner logic 
functions, and any output files from any of the foregoing 
(including device programming or simulation files), and any 
associated documentation or information are expressly subject 
to the terms and conditions of the Intel Program License 
Subscription Agreement, the Intel Quartus Prime License Agreement,
the Intel FPGA IP License Agreement, or other applicable license
agreement, including, without limitation, that your use is for
the sole purpose of programming logic devices manufactured by
Intel and sold by Intel or its authorized distributors.  Please
refer to the applicable agreement for further details, at
https://fpgasoftware.intel.com/eula.



+----------------------------------------------------------------------------------+
; Analysis & Synthesis Summary                                                     ;
+------------------------------------+---------------------------------------------+
; Analysis & Synthesis Status        ; Successful - Fri Sep 24 20:09:56 2021       ;
; Quartus Prime Version              ; 20.1.1 Build 720 11/11/2020 SJ Lite Edition ;
; Revision Name                      ; Compuertas                                  ;
; Top-level Entity Name              ; DE10_LITE_Default                           ;
; Family                             ; MAX 10                                      ;
; Total logic elements               ; 2                                           ;
;     Total combinational functions  ; 2                                           ;
;     Dedicated logic registers      ; 0                                           ;
; Total registers                    ; 0                                           ;
; Total pins                         ; 185                                         ;
; Total virtual pins                 ; 0                                           ;
; Total memory bits                  ; 0                                           ;
; Embedded Multiplier 9-bit elements ; 0                                           ;
; Total PLLs                         ; 0                                           ;
; UFM blocks                         ; 0                                           ;
; ADC blocks                         ; 0                                           ;
+------------------------------------+---------------------------------------------+


+------------------------------------------------------------------------------------------------------------+
; Analysis & Synthesis Settings                                                                              ;
+------------------------------------------------------------------+--------------------+--------------------+
; Option                                                           ; Setting            ; Default Value      ;
+------------------------------------------------------------------+--------------------+--------------------+
; Device                                                           ; 10M50DAF484C6GES   ;                    ;
; Top-level entity name                                            ; DE10_LITE_Default  ; Compuertas         ;
; Family name                                                      ; MAX 10             ; Cyclone V          ;
; Use smart compilation                                            ; Off                ; Off                ;
; Enable parallel Assembler and Timing Analyzer during compilation ; On                 ; On                 ;
; Enable compact report table                                      ; Off                ; Off                ;
; Restructure Multiplexers                                         ; Auto               ; Auto               ;
; Create Debugging Nodes for IP Cores                              ; Off                ; Off                ;
; Preserve fewer node names                                        ; On                 ; On                 ;
; Intel FPGA IP Evaluation Mode                                    ; Enable             ; Enable             ;
; Verilog Version                                                  ; Verilog_2001       ; Verilog_2001       ;
; VHDL Version                                                     ; VHDL_1993          ; VHDL_1993          ;
; State Machine Processing                                         ; Auto               ; Auto               ;
; Safe State Machine                                               ; Off                ; Off                ;
; Extract Verilog State Machines                                   ; On                 ; On                 ;
; Extract VHDL State Machines                                      ; On                 ; On                 ;
; Ignore Verilog initial constructs                                ; Off                ; Off                ;
; Iteration limit for constant Verilog loops                       ; 5000               ; 5000               ;
; Iteration limit for non-constant Verilog loops                   ; 250                ; 250                ;
; Add Pass-Through Logic to Inferred RAMs                          ; On                 ; On                 ;
; Infer RAMs from Raw Logic                                        ; On                 ; On                 ;
; Parallel Synthesis                                               ; On                 ; On                 ;
; DSP Block Balancing                                              ; Auto               ; Auto               ;
; NOT Gate Push-Back                                               ; On                 ; On                 ;
; Power-Up Don't Care                                              ; On                 ; On                 ;
; Remove Redundant Logic Cells                                     ; Off                ; Off                ;
; Remove Duplicate Registers                                       ; On                 ; On                 ;
; Ignore CARRY Buffers                                             ; Off                ; Off                ;
; Ignore CASCADE Buffers                                           ; Off                ; Off                ;
; Ignore GLOBAL Buffers                                            ; Off                ; Off                ;
; Ignore ROW GLOBAL Buffers                                        ; Off                ; Off                ;
; Ignore LCELL Buffers                                             ; Off                ; Off                ;
; Ignore SOFT Buffers                                              ; On                 ; On                 ;
; Limit AHDL Integers to 32 Bits                                   ; Off                ; Off                ;
; Optimization Technique                                           ; Balanced           ; Balanced           ;
; Carry Chain Length                                               ; 70                 ; 70                 ;
; Auto Carry Chains                                                ; On                 ; On                 ;
; Auto Open-Drain Pins                                             ; On                 ; On                 ;
; Perform WYSIWYG Primitive Resynthesis                            ; Off                ; Off                ;
; Auto ROM Replacement                                             ; On                 ; On                 ;
; Auto RAM Replacement                                             ; On                 ; On                 ;
; Auto DSP Block Replacement                                       ; On                 ; On                 ;
; Auto Shift Register Replacement                                  ; Auto               ; Auto               ;
; Allow Shift Register Merging across Hierarchies                  ; Auto               ; Auto               ;
; Auto Clock Enable Replacement                                    ; On                 ; On                 ;
; Strict RAM Replacement                                           ; Off                ; Off                ;
; Allow Synchronous Control Signals                                ; On                 ; On                 ;
; Force Use of Synchronous Clear Signals                           ; Off                ; Off                ;
; Auto RAM Block Balancing                                         ; On                 ; On                 ;
; Auto RAM to Logic Cell Conversion                                ; Off                ; Off                ;
; Auto Resource Sharing                                            ; Off                ; Off                ;
; Allow Any RAM Size For Recognition                               ; Off                ; Off                ;
; Allow Any ROM Size For Recognition                               ; Off                ; Off                ;
; Allow Any Shift Register Size For Recognition                    ; Off                ; Off                ;
; Use LogicLock Constraints during Resource Balancing              ; On                 ; On                 ;
; Ignore translate_off and synthesis_off directives                ; Off                ; Off                ;
; Timing-Driven Synthesis                                          ; On                 ; On                 ;
; Report Parameter Settings                                        ; On                 ; On                 ;
; Report Source Assignments                                        ; On                 ; On                 ;
; Report Connectivity Checks                                       ; On                 ; On                 ;
; Ignore Maximum Fan-Out Assignments                               ; Off                ; Off                ;
; Synchronization Register Chain Length                            ; 2                  ; 2                  ;
; Power Optimization During Synthesis                              ; Normal compilation ; Normal compilation ;
; HDL message level                                                ; Level2             ; Level2             ;
; Suppress Register Optimization Related Messages                  ; Off                ; Off                ;
; Number of Removed Registers Reported in Synthesis Report         ; 5000               ; 5000               ;
; Number of Swept Nodes Reported in Synthesis Report               ; 5000               ; 5000               ;
; Number of Inverted Registers Reported in Synthesis Report        ; 100                ; 100                ;
; Clock MUX Protection                                             ; On                 ; On                 ;
; Auto Gated Clock Conversion                                      ; Off                ; Off                ;
; Block Design Naming                                              ; Auto               ; Auto               ;
; SDC constraint protection                                        ; Off                ; Off                ;
; Synthesis Effort                                                 ; Auto               ; Auto               ;
; Shift Register Replacement - Allow Asynchronous Clear Signal     ; On                 ; On                 ;
; Pre-Mapping Resynthesis Optimization                             ; Off                ; Off                ;
; Analysis & Synthesis Message Level                               ; Medium             ; Medium             ;
; Disable Register Merging Across Hierarchies                      ; Auto               ; Auto               ;
; Resource Aware Inference For Block RAM                           ; On                 ; On                 ;
+------------------------------------------------------------------+--------------------+--------------------+


+------------------------------------------+
; Parallel Compilation                     ;
+----------------------------+-------------+
; Processors                 ; Number      ;
+----------------------------+-------------+
; Number detected on machine ; 4           ;
; Maximum allowed            ; 2           ;
;                            ;             ;
; Average used               ; 1.00        ;
; Maximum used               ; 1           ;
;                            ;             ;
; Usage by Processor         ; % Time Used ;
;     Processor 1            ; 100.0%      ;
+----------------------------+-------------+


+----------------------------------------------------------------------------------------------------------------------------------------+
; Analysis & Synthesis Source Files Read                                                                                                 ;
+----------------------------------+-----------------+------------------------+------------------------------------------------+---------+
; File Name with User-Entered Path ; Used in Netlist ; File Type              ; File Name with Absolute Path                   ; Library ;
+----------------------------------+-----------------+------------------------+------------------------------------------------+---------+
; v/spi_param.h                    ; yes             ; User File              ; C:/AlteraPrj/01_Compuertas/v/spi_param.h       ;         ;
; v/spi_ee_config.v                ; yes             ; User Verilog HDL File  ; C:/AlteraPrj/01_Compuertas/v/spi_ee_config.v   ;         ;
; v/spi_controller.v               ; yes             ; User Verilog HDL File  ; C:/AlteraPrj/01_Compuertas/v/spi_controller.v  ;         ;
; v/SEG7_LUT_6.v                   ; yes             ; User Verilog HDL File  ; C:/AlteraPrj/01_Compuertas/v/SEG7_LUT_6.v      ;         ;
; v/SEG7_LUT.v                     ; yes             ; User Verilog HDL File  ; C:/AlteraPrj/01_Compuertas/v/SEG7_LUT.v        ;         ;
; DE10_LITE_Default.v              ; yes             ; User Verilog HDL File  ; C:/AlteraPrj/01_Compuertas/DE10_LITE_Default.v ;         ;
; Compuertas.vhd                   ; yes             ; User VHDL File         ; C:/AlteraPrj/01_Compuertas/Compuertas.vhd      ;         ;
+----------------------------------+-----------------+------------------------+------------------------------------------------+---------+


+-----------------------------------------------------------+
; Analysis & Synthesis Resource Usage Summary               ;
+---------------------------------------------+-------------+
; Resource                                    ; Usage       ;
+---------------------------------------------+-------------+
; Estimated Total logic elements              ; 2           ;
;                                             ;             ;
; Total combinational functions               ; 2           ;
; Logic element usage by number of LUT inputs ;             ;
;     -- 4 input functions                    ; 0           ;
;     -- 3 input functions                    ; 0           ;
;     -- <=2 input functions                  ; 2           ;
;                                             ;             ;
; Logic elements by mode                      ;             ;
;     -- normal mode                          ; 2           ;
;     -- arithmetic mode                      ; 0           ;
;                                             ;             ;
; Total registers                             ; 0           ;
;     -- Dedicated logic registers            ; 0           ;
;     -- I/O registers                        ; 0           ;
;                                             ;             ;
; I/O pins                                    ; 185         ;
;                                             ;             ;
; Embedded Multiplier 9-bit elements          ; 0           ;
;                                             ;             ;
; Maximum fan-out node                        ; SW[0]~input ;
; Maximum fan-out                             ; 3           ;
; Total fan-out                               ; 263         ;
; Average fan-out                             ; 0.59        ;
+---------------------------------------------+-------------+


+--------------------------------------------------------------------------------------------------------------------------------------------------------------------------------------------------------------------------------------------------------+
; Analysis & Synthesis Resource Utilization by Entity                                                                                                                                                                                                    ;
+----------------------------+---------------------+---------------------------+-------------+------------+--------------+---------+-----------+------+--------------+------------+-----------------------------------+-------------------+--------------+
; Compilation Hierarchy Node ; Combinational ALUTs ; Dedicated Logic Registers ; Memory Bits ; UFM Blocks ; DSP Elements ; DSP 9x9 ; DSP 18x18 ; Pins ; Virtual Pins ; ADC blocks ; Full Hierarchy Name               ; Entity Name       ; Library Name ;
+----------------------------+---------------------+---------------------------+-------------+------------+--------------+---------+-----------+------+--------------+------------+-----------------------------------+-------------------+--------------+
; |DE10_LITE_Default         ; 2 (0)               ; 0 (0)                     ; 0           ; 0          ; 0            ; 0       ; 0         ; 185  ; 0            ; 0          ; |DE10_LITE_Default                ; DE10_LITE_Default ; work         ;
;    |compuertas:u00|        ; 2 (2)               ; 0 (0)                     ; 0           ; 0          ; 0            ; 0       ; 0         ; 0    ; 0            ; 0          ; |DE10_LITE_Default|compuertas:u00 ; compuertas        ; work         ;
+----------------------------+---------------------+---------------------------+-------------+------------+--------------+---------+-----------+------+--------------+------------+-----------------------------------+-------------------+--------------+
Note: For table entries with two numbers listed, the numbers in parentheses indicate the number of resources of the given type used by the specific entity alone. The numbers listed outside of parentheses indicate the total resources of the given type used by the specific entity and all of its sub-entities in the hierarchy.


+-----------------------------------------------------------------------------------------------------------------------+
; Registers Removed During Synthesis                                                                                    ;
+-------------------------------------------------------------------------------+---------------------------------------+
; Register name                                                                 ; Reason for Removal                    ;
+-------------------------------------------------------------------------------+---------------------------------------+
; spi_ee_config:u_spi_ee_config|clear_status_d[0]                               ; Stuck at GND due to stuck port clear  ;
; spi_ee_config:u_spi_ee_config|ini_index[0..3]                                 ; Stuck at GND due to stuck port clear  ;
; spi_ee_config:u_spi_ee_config|spi_go                                          ; Stuck at GND due to stuck port clear  ;
; spi_ee_config:u_spi_ee_config|spi_state                                       ; Stuck at GND due to stuck port clear  ;
; spi_ee_config:u_spi_ee_config|read_idle_count[0..14]                          ; Stuck at GND due to stuck port clear  ;
; spi_ee_config:u_spi_ee_config|high_byte                                       ; Stuck at GND due to stuck port clear  ;
; spi_ee_config:u_spi_ee_config|read_back                                       ; Stuck at GND due to stuck port clear  ;
; spi_ee_config:u_spi_ee_config|clear_status                                    ; Stuck at GND due to stuck port clear  ;
; spi_ee_config:u_spi_ee_config|p2s_data[8..15]                                 ; Stuck at GND due to stuck port clock  ;
; spi_ee_config:u_spi_ee_config|clear_status_d[1..3]                            ; Lost fanout                           ;
; spi_ee_config:u_spi_ee_config|p2s_data[0..7]                                  ; Stuck at GND due to stuck port clock  ;
; spi_ee_config:u_spi_ee_config|read_ready                                      ; Stuck at GND due to stuck port clock  ;
; spi_ee_config:u_spi_ee_config|spi_controller:u_spi_controller|spi_count_en    ; Stuck at GND due to stuck port clear  ;
; spi_ee_config:u_spi_ee_config|spi_controller:u_spi_controller|spi_count[0..3] ; Stuck at VCC due to stuck port preset ;
; spi_ee_config:u_spi_ee_config|spi_controller:u_spi_controller|oS2P_DATA[0..6] ; Stuck at GND due to stuck port clock  ;
; Total Number of Removed Registers = 57                                        ;                                       ;
+-------------------------------------------------------------------------------+---------------------------------------+


+-----------------------------------------------------------------------------------------------------------------------------------------------------------+
; Removed Registers Triggering Further Register Optimizations                                                                                               ;
+---------------------------------------------------+-------------------------+-----------------------------------------------------------------------------+
; Register name                                     ; Reason for Removal      ; Registers Removed due to This Register                                      ;
+---------------------------------------------------+-------------------------+-----------------------------------------------------------------------------+
; spi_ee_config:u_spi_ee_config|ini_index[3]        ; Stuck at GND            ; spi_ee_config:u_spi_ee_config|p2s_data[12],                                 ;
;                                                   ; due to stuck port clear ; spi_ee_config:u_spi_ee_config|p2s_data[11],                                 ;
;                                                   ;                         ; spi_ee_config:u_spi_ee_config|p2s_data[10],                                 ;
;                                                   ;                         ; spi_ee_config:u_spi_ee_config|p2s_data[9],                                  ;
;                                                   ;                         ; spi_ee_config:u_spi_ee_config|p2s_data[8],                                  ;
;                                                   ;                         ; spi_ee_config:u_spi_ee_config|p2s_data[6],                                  ;
;                                                   ;                         ; spi_ee_config:u_spi_ee_config|p2s_data[5],                                  ;
;                                                   ;                         ; spi_ee_config:u_spi_ee_config|p2s_data[4],                                  ;
;                                                   ;                         ; spi_ee_config:u_spi_ee_config|p2s_data[3],                                  ;
;                                                   ;                         ; spi_ee_config:u_spi_ee_config|p2s_data[2],                                  ;
;                                                   ;                         ; spi_ee_config:u_spi_ee_config|p2s_data[1],                                  ;
;                                                   ;                         ; spi_ee_config:u_spi_ee_config|p2s_data[0]                                   ;
; spi_ee_config:u_spi_ee_config|read_idle_count[14] ; Stuck at GND            ; spi_ee_config:u_spi_ee_config|clear_status,                                 ;
;                                                   ; due to stuck port clear ; spi_ee_config:u_spi_ee_config|p2s_data[15],                                 ;
;                                                   ;                         ; spi_ee_config:u_spi_ee_config|p2s_data[14],                                 ;
;                                                   ;                         ; spi_ee_config:u_spi_ee_config|p2s_data[13],                                 ;
;                                                   ;                         ; spi_ee_config:u_spi_ee_config|spi_controller:u_spi_controller|oS2P_DATA[6], ;
;                                                   ;                         ; spi_ee_config:u_spi_ee_config|spi_controller:u_spi_controller|oS2P_DATA[0]  ;
; spi_ee_config:u_spi_ee_config|spi_go              ; Stuck at GND            ; spi_ee_config:u_spi_ee_config|clear_status_d[3],                            ;
;                                                   ; due to stuck port clear ; spi_ee_config:u_spi_ee_config|clear_status_d[2],                            ;
;                                                   ;                         ; spi_ee_config:u_spi_ee_config|clear_status_d[1],                            ;
;                                                   ;                         ; spi_ee_config:u_spi_ee_config|spi_controller:u_spi_controller|spi_count_en  ;
+---------------------------------------------------+-------------------------+-----------------------------------------------------------------------------+


+------------------------------------------------------+
; General Register Statistics                          ;
+----------------------------------------------+-------+
; Statistic                                    ; Value ;
+----------------------------------------------+-------+
; Total registers                              ; 0     ;
; Number of registers using Synchronous Clear  ; 0     ;
; Number of registers using Synchronous Load   ; 0     ;
; Number of registers using Asynchronous Clear ; 0     ;
; Number of registers using Asynchronous Load  ; 0     ;
; Number of registers using Clock Enable       ; 0     ;
; Number of registers using Preset             ; 0     ;
+----------------------------------------------+-------+


+----------------------------------------------------------------------------+
; Parameter Settings for User Entity Instance: spi_ee_config:u_spi_ee_config ;
+----------------+--------+--------------------------------------------------+
; Parameter Name ; Value  ; Type                                             ;
+----------------+--------+--------------------------------------------------+
; IDLE_MSB       ; 14     ; Signed Integer                                   ;
; SI_DataL       ; 15     ; Signed Integer                                   ;
; SO_DataL       ; 7      ; Signed Integer                                   ;
; WRITE_MODE     ; 00     ; Unsigned Binary                                  ;
; READ_MODE      ; 10     ; Unsigned Binary                                  ;
; INI_NUMBER     ; 1011   ; Unsigned Binary                                  ;
; IDLE           ; 0      ; Unsigned Binary                                  ;
; TRANSFER       ; 1      ; Unsigned Binary                                  ;
; BW_RATE        ; 101100 ; Unsigned Binary                                  ;
; POWER_CONTROL  ; 101101 ; Unsigned Binary                                  ;
; DATA_FORMAT    ; 110001 ; Unsigned Binary                                  ;
; INT_ENABLE     ; 101110 ; Unsigned Binary                                  ;
; INT_MAP        ; 101111 ; Unsigned Binary                                  ;
; THRESH_ACT     ; 100100 ; Unsigned Binary                                  ;
; THRESH_INACT   ; 100101 ; Unsigned Binary                                  ;
; TIME_INACT     ; 100110 ; Unsigned Binary                                  ;
; ACT_INACT_CTL  ; 100111 ; Unsigned Binary                                  ;
; THRESH_FF      ; 101000 ; Unsigned Binary                                  ;
; TIME_FF        ; 101001 ; Unsigned Binary                                  ;
; INT_SOURCE     ; 110000 ; Unsigned Binary                                  ;
; X_LB           ; 110010 ; Unsigned Binary                                  ;
; X_HB           ; 110011 ; Unsigned Binary                                  ;
; Y_LB           ; 110100 ; Unsigned Binary                                  ;
; Y_HB           ; 110101 ; Unsigned Binary                                  ;
; Z_LB           ; 110110 ; Unsigned Binary                                  ;
; Z_HB           ; 110111 ; Unsigned Binary                                  ;
+----------------+--------+--------------------------------------------------+
Note: In order to hide this table in the UI and the text report file, please set the "Show Parameter Settings in Synthesis Report" option in "Analysis and Synthesis Settings -> More Settings" to "Off".


+------------------------------------------------------------------------------------------------------------+
; Parameter Settings for User Entity Instance: spi_ee_config:u_spi_ee_config|spi_controller:u_spi_controller ;
+----------------+--------+----------------------------------------------------------------------------------+
; Parameter Name ; Value  ; Type                                                                             ;
+----------------+--------+----------------------------------------------------------------------------------+
; IDLE_MSB       ; 14     ; Signed Integer                                                                   ;
; SI_DataL       ; 15     ; Signed Integer                                                                   ;
; SO_DataL       ; 7      ; Signed Integer                                                                   ;
; WRITE_MODE     ; 00     ; Unsigned Binary                                                                  ;
; READ_MODE      ; 10     ; Unsigned Binary                                                                  ;
; INI_NUMBER     ; 1011   ; Unsigned Binary                                                                  ;
; IDLE           ; 0      ; Unsigned Binary                                                                  ;
; TRANSFER       ; 1      ; Unsigned Binary                                                                  ;
; BW_RATE        ; 101100 ; Unsigned Binary                                                                  ;
; POWER_CONTROL  ; 101101 ; Unsigned Binary                                                                  ;
; DATA_FORMAT    ; 110001 ; Unsigned Binary                                                                  ;
; INT_ENABLE     ; 101110 ; Unsigned Binary                                                                  ;
; INT_MAP        ; 101111 ; Unsigned Binary                                                                  ;
; THRESH_ACT     ; 100100 ; Unsigned Binary                                                                  ;
; THRESH_INACT   ; 100101 ; Unsigned Binary                                                                  ;
; TIME_INACT     ; 100110 ; Unsigned Binary                                                                  ;
; ACT_INACT_CTL  ; 100111 ; Unsigned Binary                                                                  ;
; THRESH_FF      ; 101000 ; Unsigned Binary                                                                  ;
; TIME_FF        ; 101001 ; Unsigned Binary                                                                  ;
; INT_SOURCE     ; 110000 ; Unsigned Binary                                                                  ;
; X_LB           ; 110010 ; Unsigned Binary                                                                  ;
; X_HB           ; 110011 ; Unsigned Binary                                                                  ;
; Y_LB           ; 110100 ; Unsigned Binary                                                                  ;
; Y_HB           ; 110101 ; Unsigned Binary                                                                  ;
; Z_LB           ; 110110 ; Unsigned Binary                                                                  ;
; Z_HB           ; 110111 ; Unsigned Binary                                                                  ;
+----------------+--------+----------------------------------------------------------------------------------+
Note: In order to hide this table in the UI and the text report file, please set the "Show Parameter Settings in Synthesis Report" option in "Analysis and Synthesis Settings -> More Settings" to "Off".


+-------------------------------------------------------------------------------------------------------------------+
; Port Connectivity Checks: "spi_ee_config:u_spi_ee_config"                                                         ;
+---------+--------+----------+-------------------------------------------------------------------------------------+
; Port    ; Type   ; Severity ; Details                                                                             ;
+---------+--------+----------+-------------------------------------------------------------------------------------+
; oDATA_L ; Output ; Info     ; Connected to dangling logic. Logic that only feeds a dangling port will be removed. ;
; oDATA_H ; Output ; Info     ; Connected to dangling logic. Logic that only feeds a dangling port will be removed. ;
+---------+--------+----------+-------------------------------------------------------------------------------------+


+---------------------------------------------------------------------------------------------------------------------------------------------------------------------------------------------------+
; Port Connectivity Checks: "SEG7_LUT_6:u0"                                                                                                                                                         ;
+-------+--------+----------+-----------------------------------------------------------------------------------------------------------------------------------------------------------------------+
; Port  ; Type   ; Severity ; Details                                                                                                                                                               ;
+-------+--------+----------+-----------------------------------------------------------------------------------------------------------------------------------------------------------------------+
; oSEG0 ; Output ; Warning  ; Output or bidir port (7 bits) is smaller than the port expression (8 bits) it drives.  The 1 most-significant bit(s) in the port expression will be connected to GND. ;
; oSEG1 ; Output ; Warning  ; Output or bidir port (7 bits) is smaller than the port expression (8 bits) it drives.  The 1 most-significant bit(s) in the port expression will be connected to GND. ;
; oSEG2 ; Output ; Warning  ; Output or bidir port (7 bits) is smaller than the port expression (8 bits) it drives.  The 1 most-significant bit(s) in the port expression will be connected to GND. ;
; oSEG3 ; Output ; Warning  ; Output or bidir port (7 bits) is smaller than the port expression (8 bits) it drives.  The 1 most-significant bit(s) in the port expression will be connected to GND. ;
; oSEG4 ; Output ; Warning  ; Output or bidir port (7 bits) is smaller than the port expression (8 bits) it drives.  The 1 most-significant bit(s) in the port expression will be connected to GND. ;
; oSEG5 ; Output ; Warning  ; Output or bidir port (7 bits) is smaller than the port expression (8 bits) it drives.  The 1 most-significant bit(s) in the port expression will be connected to GND. ;
+-------+--------+----------+-----------------------------------------------------------------------------------------------------------------------------------------------------------------------+


+-----------------------------------------------------+
; Post-Synthesis Netlist Statistics for Top Partition ;
+-----------------------+-----------------------------+
; Type                  ; Count                       ;
+-----------------------+-----------------------------+
; boundary_port         ; 185                         ;
; cycloneiii_io_obuf    ; 71                          ;
; cycloneiii_lcell_comb ; 5                           ;
;     normal            ; 5                           ;
;         0 data inputs ; 2                           ;
;         1 data inputs ; 1                           ;
;         2 data inputs ; 2                           ;
;                       ;                             ;
; Max LUT depth         ; 1.00                        ;
; Average LUT depth     ; 0.06                        ;
+-----------------------+-----------------------------+


+-------------------------------+
; Elapsed Time Per Partition    ;
+----------------+--------------+
; Partition Name ; Elapsed Time ;
+----------------+--------------+
; Top            ; 00:00:00     ;
+----------------+--------------+


+-------------------------------+
; Analysis & Synthesis Messages ;
+-------------------------------+
Info: *******************************************************************
Info: Running Quartus Prime Analysis & Synthesis
    Info: Version 20.1.1 Build 720 11/11/2020 SJ Lite Edition
    Info: Processing started: Fri Sep 24 20:09:40 2021
Info: Command: quartus_map --read_settings_files=on --write_settings_files=off Compuertas -c Compuertas
Warning (18236): Number of processors has not been specified which may cause overloading on shared machines.  Set the global assignment NUM_PARALLEL_PROCESSORS in your QSF to an appropriate value for best performance.
Info (20030): Parallel compilation is enabled and will use 2 of the 2 processors detected
Info (12021): Found 1 design units, including 1 entities, in source file v/spi_ee_config.v
    Info (12023): Found entity 1: spi_ee_config File: C:/AlteraPrj/01_Compuertas/v/spi_ee_config.v Line: 1
Info (12021): Found 1 design units, including 1 entities, in source file v/spi_controller.v
    Info (12023): Found entity 1: spi_controller File: C:/AlteraPrj/01_Compuertas/v/spi_controller.v Line: 1
Warning (10229): Verilog HDL Expression warning at led_driver.v(44): truncated literal to match 3 bits File: C:/AlteraPrj/01_Compuertas/v/led_driver.v Line: 44
Info (12021): Found 1 design units, including 1 entities, in source file v/led_driver.v
    Info (12023): Found entity 1: led_driver File: C:/AlteraPrj/01_Compuertas/v/led_driver.v Line: 1
Info (12021): Found 1 design units, including 1 entities, in source file v/seg7_lut_6.v
    Info (12023): Found entity 1: SEG7_LUT_6 File: C:/AlteraPrj/01_Compuertas/v/SEG7_LUT_6.v Line: 1
Info (12021): Found 1 design units, including 1 entities, in source file v/seg7_lut.v
    Info (12023): Found entity 1: SEG7_LUT File: C:/AlteraPrj/01_Compuertas/v/SEG7_LUT.v Line: 1
Info (12021): Found 1 design units, including 1 entities, in source file vga_data/vga_osd_ram.v
    Info (12023): Found entity 1: VGA_OSD_RAM File: C:/AlteraPrj/01_Compuertas/VGA_DATA/VGA_OSD_RAM.v Line: 1
Info (12021): Found 1 design units, including 1 entities, in source file vga_data/vga_controller.v
    Info (12023): Found entity 1: VGA_Controller File: C:/AlteraPrj/01_Compuertas/VGA_DATA/VGA_Controller.v Line: 2
Info (12021): Found 1 design units, including 1 entities, in source file vga_data/img_ram.v
    Info (12023): Found entity 1: Img_RAM File: C:/AlteraPrj/01_Compuertas/VGA_DATA/Img_RAM.v Line: 40
Info (12021): Found 1 design units, including 1 entities, in source file v/reset_delay.v
    Info (12023): Found entity 1: Reset_Delay File: C:/AlteraPrj/01_Compuertas/v/Reset_Delay.v Line: 1
Info (12021): Found 1 design units, including 1 entities, in source file de10_lite_default.v
    Info (12023): Found entity 1: DE10_LITE_Default File: C:/AlteraPrj/01_Compuertas/DE10_LITE_Default.v Line: 6
Info (12021): Found 1 design units, including 1 entities, in source file vga_audio_pll.v
    Info (12023): Found entity 1: VGA_Audio_PLL File: C:/AlteraPrj/01_Compuertas/VGA_Audio_PLL.v Line: 40
Info (12021): Found 2 design units, including 1 entities, in source file compuertas.vhd
    Info (12022): Found design unit 1: compuertas-behavioral File: C:/AlteraPrj/01_Compuertas/Compuertas.vhd Line: 15
    Info (12023): Found entity 1: compuertas File: C:/AlteraPrj/01_Compuertas/Compuertas.vhd Line: 5
Info (12127): Elaborating entity "DE10_LITE_Default" for the top level hierarchy
Warning (10858): Verilog HDL warning at DE10_LITE_Default.v(73): object VGA_CTRL_CLK used but never assigned File: C:/AlteraPrj/01_Compuertas/DE10_LITE_Default.v Line: 73
Warning (10036): Verilog HDL or VHDL warning at DE10_LITE_Default.v(80): object "VGA_CLK" assigned a value but never read File: C:/AlteraPrj/01_Compuertas/DE10_LITE_Default.v Line: 80
Warning (10036): Verilog HDL or VHDL warning at DE10_LITE_Default.v(85): object "resrt_n" assigned a value but never read File: C:/AlteraPrj/01_Compuertas/DE10_LITE_Default.v Line: 85
Warning (10034): Output port "DRAM_ADDR" at DE10_LITE_Default.v(14) has no driver File: C:/AlteraPrj/01_Compuertas/DE10_LITE_Default.v Line: 14
Warning (10034): Output port "DRAM_BA" at DE10_LITE_Default.v(15) has no driver File: C:/AlteraPrj/01_Compuertas/DE10_LITE_Default.v Line: 15
Warning (10034): Output port "LEDR[9..3]" at DE10_LITE_Default.v(38) has no driver File: C:/AlteraPrj/01_Compuertas/DE10_LITE_Default.v Line: 38
Warning (10034): Output port "VGA_B" at DE10_LITE_Default.v(44) has no driver File: C:/AlteraPrj/01_Compuertas/DE10_LITE_Default.v Line: 44
Warning (10034): Output port "VGA_G" at DE10_LITE_Default.v(45) has no driver File: C:/AlteraPrj/01_Compuertas/DE10_LITE_Default.v Line: 45
Warning (10034): Output port "VGA_R" at DE10_LITE_Default.v(47) has no driver File: C:/AlteraPrj/01_Compuertas/DE10_LITE_Default.v Line: 47
Warning (10034): Output port "DRAM_CAS_N" at DE10_LITE_Default.v(16) has no driver File: C:/AlteraPrj/01_Compuertas/DE10_LITE_Default.v Line: 16
Warning (10034): Output port "DRAM_CKE" at DE10_LITE_Default.v(17) has no driver File: C:/AlteraPrj/01_Compuertas/DE10_LITE_Default.v Line: 17
Warning (10034): Output port "DRAM_CLK" at DE10_LITE_Default.v(18) has no driver File: C:/AlteraPrj/01_Compuertas/DE10_LITE_Default.v Line: 18
Warning (10034): Output port "DRAM_CS_N" at DE10_LITE_Default.v(19) has no driver File: C:/AlteraPrj/01_Compuertas/DE10_LITE_Default.v Line: 19
Warning (10034): Output port "DRAM_LDQM" at DE10_LITE_Default.v(21) has no driver File: C:/AlteraPrj/01_Compuertas/DE10_LITE_Default.v Line: 21
Warning (10034): Output port "DRAM_RAS_N" at DE10_LITE_Default.v(22) has no driver File: C:/AlteraPrj/01_Compuertas/DE10_LITE_Default.v Line: 22
Warning (10034): Output port "DRAM_UDQM" at DE10_LITE_Default.v(23) has no driver File: C:/AlteraPrj/01_Compuertas/DE10_LITE_Default.v Line: 23
Warning (10034): Output port "DRAM_WE_N" at DE10_LITE_Default.v(24) has no driver File: C:/AlteraPrj/01_Compuertas/DE10_LITE_Default.v Line: 24
Warning (10034): Output port "VGA_HS" at DE10_LITE_Default.v(46) has no driver File: C:/AlteraPrj/01_Compuertas/DE10_LITE_Default.v Line: 46
Warning (10034): Output port "VGA_VS" at DE10_LITE_Default.v(48) has no driver File: C:/AlteraPrj/01_Compuertas/DE10_LITE_Default.v Line: 48
Info (12128): Elaborating entity "compuertas" for hierarchy "compuertas:u00" File: C:/AlteraPrj/01_Compuertas/DE10_LITE_Default.v Line: 109
Info (12128): Elaborating entity "SEG7_LUT_6" for hierarchy "SEG7_LUT_6:u0" File: C:/AlteraPrj/01_Compuertas/DE10_LITE_Default.v Line: 127
Info (12128): Elaborating entity "SEG7_LUT" for hierarchy "SEG7_LUT_6:u0|SEG7_LUT:u0" File: C:/AlteraPrj/01_Compuertas/v/SEG7_LUT_6.v Line: 5
Info (12128): Elaborating entity "spi_ee_config" for hierarchy "spi_ee_config:u_spi_ee_config" File: C:/AlteraPrj/01_Compuertas/DE10_LITE_Default.v Line: 183
Warning (10230): Verilog HDL assignment warning at spi_ee_config.v(113): truncated value with size 32 to match size of target (15) File: C:/AlteraPrj/01_Compuertas/v/spi_ee_config.v Line: 113
Info (12128): Elaborating entity "spi_controller" for hierarchy "spi_ee_config:u_spi_ee_config|spi_controller:u_spi_controller" File: C:/AlteraPrj/01_Compuertas/v/spi_ee_config.v Line: 60
Warning (12241): 1 hierarchies have connectivity warnings - see the Connectivity Checks report folder
Warning (13039): The following bidirectional pins have no drivers
    Warning (13040): bidirectional pin "DRAM_DQ[0]" has no driver File: C:/AlteraPrj/01_Compuertas/DE10_LITE_Default.v Line: 20
    Warning (13040): bidirectional pin "DRAM_DQ[1]" has no driver File: C:/AlteraPrj/01_Compuertas/DE10_LITE_Default.v Line: 20
    Warning (13040): bidirectional pin "DRAM_DQ[2]" has no driver File: C:/AlteraPrj/01_Compuertas/DE10_LITE_Default.v Line: 20
    Warning (13040): bidirectional pin "DRAM_DQ[3]" has no driver File: C:/AlteraPrj/01_Compuertas/DE10_LITE_Default.v Line: 20
    Warning (13040): bidirectional pin "DRAM_DQ[4]" has no driver File: C:/AlteraPrj/01_Compuertas/DE10_LITE_Default.v Line: 20
    Warning (13040): bidirectional pin "DRAM_DQ[5]" has no driver File: C:/AlteraPrj/01_Compuertas/DE10_LITE_Default.v Line: 20
    Warning (13040): bidirectional pin "DRAM_DQ[6]" has no driver File: C:/AlteraPrj/01_Compuertas/DE10_LITE_Default.v Line: 20
    Warning (13040): bidirectional pin "DRAM_DQ[7]" has no driver File: C:/AlteraPrj/01_Compuertas/DE10_LITE_Default.v Line: 20
    Warning (13040): bidirectional pin "DRAM_DQ[8]" has no driver File: C:/AlteraPrj/01_Compuertas/DE10_LITE_Default.v Line: 20
    Warning (13040): bidirectional pin "DRAM_DQ[9]" has no driver File: C:/AlteraPrj/01_Compuertas/DE10_LITE_Default.v Line: 20
    Warning (13040): bidirectional pin "DRAM_DQ[10]" has no driver File: C:/AlteraPrj/01_Compuertas/DE10_LITE_Default.v Line: 20
    Warning (13040): bidirectional pin "DRAM_DQ[11]" has no driver File: C:/AlteraPrj/01_Compuertas/DE10_LITE_Default.v Line: 20
    Warning (13040): bidirectional pin "DRAM_DQ[12]" has no driver File: C:/AlteraPrj/01_Compuertas/DE10_LITE_Default.v Line: 20
    Warning (13040): bidirectional pin "DRAM_DQ[13]" has no driver File: C:/AlteraPrj/01_Compuertas/DE10_LITE_Default.v Line: 20
    Warning (13040): bidirectional pin "DRAM_DQ[14]" has no driver File: C:/AlteraPrj/01_Compuertas/DE10_LITE_Default.v Line: 20
    Warning (13040): bidirectional pin "DRAM_DQ[15]" has no driver File: C:/AlteraPrj/01_Compuertas/DE10_LITE_Default.v Line: 20
    Warning (13040): bidirectional pin "GSENSOR_SDO" has no driver File: C:/AlteraPrj/01_Compuertas/DE10_LITE_Default.v Line: 55
    Warning (13040): bidirectional pin "ARDUINO_IO[0]" has no driver File: C:/AlteraPrj/01_Compuertas/DE10_LITE_Default.v Line: 58
    Warning (13040): bidirectional pin "ARDUINO_IO[1]" has no driver File: C:/AlteraPrj/01_Compuertas/DE10_LITE_Default.v Line: 58
    Warning (13040): bidirectional pin "ARDUINO_IO[2]" has no driver File: C:/AlteraPrj/01_Compuertas/DE10_LITE_Default.v Line: 58
    Warning (13040): bidirectional pin "ARDUINO_IO[3]" has no driver File: C:/AlteraPrj/01_Compuertas/DE10_LITE_Default.v Line: 58
    Warning (13040): bidirectional pin "ARDUINO_IO[4]" has no driver File: C:/AlteraPrj/01_Compuertas/DE10_LITE_Default.v Line: 58
    Warning (13040): bidirectional pin "ARDUINO_IO[5]" has no driver File: C:/AlteraPrj/01_Compuertas/DE10_LITE_Default.v Line: 58
    Warning (13040): bidirectional pin "ARDUINO_IO[6]" has no driver File: C:/AlteraPrj/01_Compuertas/DE10_LITE_Default.v Line: 58
    Warning (13040): bidirectional pin "ARDUINO_IO[7]" has no driver File: C:/AlteraPrj/01_Compuertas/DE10_LITE_Default.v Line: 58
    Warning (13040): bidirectional pin "ARDUINO_IO[8]" has no driver File: C:/AlteraPrj/01_Compuertas/DE10_LITE_Default.v Line: 58
    Warning (13040): bidirectional pin "ARDUINO_IO[9]" has no driver File: C:/AlteraPrj/01_Compuertas/DE10_LITE_Default.v Line: 58
    Warning (13040): bidirectional pin "ARDUINO_IO[10]" has no driver File: C:/AlteraPrj/01_Compuertas/DE10_LITE_Default.v Line: 58
    Warning (13040): bidirectional pin "ARDUINO_IO[11]" has no driver File: C:/AlteraPrj/01_Compuertas/DE10_LITE_Default.v Line: 58
    Warning (13040): bidirectional pin "ARDUINO_IO[12]" has no driver File: C:/AlteraPrj/01_Compuertas/DE10_LITE_Default.v Line: 58
    Warning (13040): bidirectional pin "ARDUINO_IO[13]" has no driver File: C:/AlteraPrj/01_Compuertas/DE10_LITE_Default.v Line: 58
    Warning (13040): bidirectional pin "ARDUINO_IO[14]" has no driver File: C:/AlteraPrj/01_Compuertas/DE10_LITE_Default.v Line: 58
    Warning (13040): bidirectional pin "ARDUINO_IO[15]" has no driver File: C:/AlteraPrj/01_Compuertas/DE10_LITE_Default.v Line: 58
    Warning (13040): bidirectional pin "ARDUINO_RESET_N" has no driver File: C:/AlteraPrj/01_Compuertas/DE10_LITE_Default.v Line: 59
    Warning (13040): bidirectional pin "GPIO[0]" has no driver File: C:/AlteraPrj/01_Compuertas/DE10_LITE_Default.v Line: 63
    Warning (13040): bidirectional pin "GPIO[1]" has no driver File: C:/AlteraPrj/01_Compuertas/DE10_LITE_Default.v Line: 63
    Warning (13040): bidirectional pin "GPIO[2]" has no driver File: C:/AlteraPrj/01_Compuertas/DE10_LITE_Default.v Line: 63
    Warning (13040): bidirectional pin "GPIO[3]" has no driver File: C:/AlteraPrj/01_Compuertas/DE10_LITE_Default.v Line: 63
    Warning (13040): bidirectional pin "GPIO[4]" has no driver File: C:/AlteraPrj/01_Compuertas/DE10_LITE_Default.v Line: 63
    Warning (13040): bidirectional pin "GPIO[5]" has no driver File: C:/AlteraPrj/01_Compuertas/DE10_LITE_Default.v Line: 63
    Warning (13040): bidirectional pin "GPIO[6]" has no driver File: C:/AlteraPrj/01_Compuertas/DE10_LITE_Default.v Line: 63
    Warning (13040): bidirectional pin "GPIO[7]" has no driver File: C:/AlteraPrj/01_Compuertas/DE10_LITE_Default.v Line: 63
    Warning (13040): bidirectional pin "GPIO[8]" has no driver File: C:/AlteraPrj/01_Compuertas/DE10_LITE_Default.v Line: 63
    Warning (13040): bidirectional pin "GPIO[9]" has no driver File: C:/AlteraPrj/01_Compuertas/DE10_LITE_Default.v Line: 63
    Warning (13040): bidirectional pin "GPIO[10]" has no driver File: C:/AlteraPrj/01_Compuertas/DE10_LITE_Default.v Line: 63
    Warning (13040): bidirectional pin "GPIO[11]" has no driver File: C:/AlteraPrj/01_Compuertas/DE10_LITE_Default.v Line: 63
    Warning (13040): bidirectional pin "GPIO[12]" has no driver File: C:/AlteraPrj/01_Compuertas/DE10_LITE_Default.v Line: 63
    Warning (13040): bidirectional pin "GPIO[13]" has no driver File: C:/AlteraPrj/01_Compuertas/DE10_LITE_Default.v Line: 63
    Warning (13040): bidirectional pin "GPIO[14]" has no driver File: C:/AlteraPrj/01_Compuertas/DE10_LITE_Default.v Line: 63
    Warning (13040): bidirectional pin "GPIO[15]" has no driver File: C:/AlteraPrj/01_Compuertas/DE10_LITE_Default.v Line: 63
    Warning (13040): bidirectional pin "GPIO[16]" has no driver File: C:/AlteraPrj/01_Compuertas/DE10_LITE_Default.v Line: 63
    Warning (13040): bidirectional pin "GPIO[17]" has no driver File: C:/AlteraPrj/01_Compuertas/DE10_LITE_Default.v Line: 63
    Warning (13040): bidirectional pin "GPIO[18]" has no driver File: C:/AlteraPrj/01_Compuertas/DE10_LITE_Default.v Line: 63
    Warning (13040): bidirectional pin "GPIO[19]" has no driver File: C:/AlteraPrj/01_Compuertas/DE10_LITE_Default.v Line: 63
    Warning (13040): bidirectional pin "GPIO[20]" has no driver File: C:/AlteraPrj/01_Compuertas/DE10_LITE_Default.v Line: 63
    Warning (13040): bidirectional pin "GPIO[21]" has no driver File: C:/AlteraPrj/01_Compuertas/DE10_LITE_Default.v Line: 63
    Warning (13040): bidirectional pin "GPIO[22]" has no driver File: C:/AlteraPrj/01_Compuertas/DE10_LITE_Default.v Line: 63
    Warning (13040): bidirectional pin "GPIO[23]" has no driver File: C:/AlteraPrj/01_Compuertas/DE10_LITE_Default.v Line: 63
    Warning (13040): bidirectional pin "GPIO[24]" has no driver File: C:/AlteraPrj/01_Compuertas/DE10_LITE_Default.v Line: 63
    Warning (13040): bidirectional pin "GPIO[25]" has no driver File: C:/AlteraPrj/01_Compuertas/DE10_LITE_Default.v Line: 63
    Warning (13040): bidirectional pin "GPIO[26]" has no driver File: C:/AlteraPrj/01_Compuertas/DE10_LITE_Default.v Line: 63
    Warning (13040): bidirectional pin "GPIO[27]" has no driver File: C:/AlteraPrj/01_Compuertas/DE10_LITE_Default.v Line: 63
    Warning (13040): bidirectional pin "GPIO[28]" has no driver File: C:/AlteraPrj/01_Compuertas/DE10_LITE_Default.v Line: 63
    Warning (13040): bidirectional pin "GPIO[29]" has no driver File: C:/AlteraPrj/01_Compuertas/DE10_LITE_Default.v Line: 63
    Warning (13040): bidirectional pin "GPIO[30]" has no driver File: C:/AlteraPrj/01_Compuertas/DE10_LITE_Default.v Line: 63
    Warning (13040): bidirectional pin "GPIO[31]" has no driver File: C:/AlteraPrj/01_Compuertas/DE10_LITE_Default.v Line: 63
    Warning (13040): bidirectional pin "GPIO[32]" has no driver File: C:/AlteraPrj/01_Compuertas/DE10_LITE_Default.v Line: 63
    Warning (13040): bidirectional pin "GPIO[33]" has no driver File: C:/AlteraPrj/01_Compuertas/DE10_LITE_Default.v Line: 63
    Warning (13040): bidirectional pin "GPIO[34]" has no driver File: C:/AlteraPrj/01_Compuertas/DE10_LITE_Default.v Line: 63
    Warning (13040): bidirectional pin "GPIO[35]" has no driver File: C:/AlteraPrj/01_Compuertas/DE10_LITE_Default.v Line: 63
Warning (13024): Output pins are stuck at VCC or GND
    Warning (13410): Pin "DRAM_ADDR[0]" is stuck at GND File: C:/AlteraPrj/01_Compuertas/DE10_LITE_Default.v Line: 14
    Warning (13410): Pin "DRAM_ADDR[1]" is stuck at GND File: C:/AlteraPrj/01_Compuertas/DE10_LITE_Default.v Line: 14
    Warning (13410): Pin "DRAM_ADDR[2]" is stuck at GND File: C:/AlteraPrj/01_Compuertas/DE10_LITE_Default.v Line: 14
    Warning (13410): Pin "DRAM_ADDR[3]" is stuck at GND File: C:/AlteraPrj/01_Compuertas/DE10_LITE_Default.v Line: 14
    Warning (13410): Pin "DRAM_ADDR[4]" is stuck at GND File: C:/AlteraPrj/01_Compuertas/DE10_LITE_Default.v Line: 14
    Warning (13410): Pin "DRAM_ADDR[5]" is stuck at GND File: C:/AlteraPrj/01_Compuertas/DE10_LITE_Default.v Line: 14
    Warning (13410): Pin "DRAM_ADDR[6]" is stuck at GND File: C:/AlteraPrj/01_Compuertas/DE10_LITE_Default.v Line: 14
    Warning (13410): Pin "DRAM_ADDR[7]" is stuck at GND File: C:/AlteraPrj/01_Compuertas/DE10_LITE_Default.v Line: 14
    Warning (13410): Pin "DRAM_ADDR[8]" is stuck at GND File: C:/AlteraPrj/01_Compuertas/DE10_LITE_Default.v Line: 14
    Warning (13410): Pin "DRAM_ADDR[9]" is stuck at GND File: C:/AlteraPrj/01_Compuertas/DE10_LITE_Default.v Line: 14
    Warning (13410): Pin "DRAM_ADDR[10]" is stuck at GND File: C:/AlteraPrj/01_Compuertas/DE10_LITE_Default.v Line: 14
    Warning (13410): Pin "DRAM_ADDR[11]" is stuck at GND File: C:/AlteraPrj/01_Compuertas/DE10_LITE_Default.v Line: 14
    Warning (13410): Pin "DRAM_ADDR[12]" is stuck at GND File: C:/AlteraPrj/01_Compuertas/DE10_LITE_Default.v Line: 14
    Warning (13410): Pin "DRAM_BA[0]" is stuck at GND File: C:/AlteraPrj/01_Compuertas/DE10_LITE_Default.v Line: 15
    Warning (13410): Pin "DRAM_BA[1]" is stuck at GND File: C:/AlteraPrj/01_Compuertas/DE10_LITE_Default.v Line: 15
    Warning (13410): Pin "DRAM_CAS_N" is stuck at GND File: C:/AlteraPrj/01_Compuertas/DE10_LITE_Default.v Line: 16
    Warning (13410): Pin "DRAM_CKE" is stuck at GND File: C:/AlteraPrj/01_Compuertas/DE10_LITE_Default.v Line: 17
    Warning (13410): Pin "DRAM_CLK" is stuck at GND File: C:/AlteraPrj/01_Compuertas/DE10_LITE_Default.v Line: 18
    Warning (13410): Pin "DRAM_CS_N" is stuck at GND File: C:/AlteraPrj/01_Compuertas/DE10_LITE_Default.v Line: 19
    Warning (13410): Pin "DRAM_LDQM" is stuck at GND File: C:/AlteraPrj/01_Compuertas/DE10_LITE_Default.v Line: 21
    Warning (13410): Pin "DRAM_RAS_N" is stuck at GND File: C:/AlteraPrj/01_Compuertas/DE10_LITE_Default.v Line: 22
    Warning (13410): Pin "DRAM_UDQM" is stuck at GND File: C:/AlteraPrj/01_Compuertas/DE10_LITE_Default.v Line: 23
    Warning (13410): Pin "DRAM_WE_N" is stuck at GND File: C:/AlteraPrj/01_Compuertas/DE10_LITE_Default.v Line: 24
    Warning (13410): Pin "HEX0[0]" is stuck at GND File: C:/AlteraPrj/01_Compuertas/DE10_LITE_Default.v Line: 27
    Warning (13410): Pin "HEX0[1]" is stuck at GND File: C:/AlteraPrj/01_Compuertas/DE10_LITE_Default.v Line: 27
    Warning (13410): Pin "HEX0[2]" is stuck at GND File: C:/AlteraPrj/01_Compuertas/DE10_LITE_Default.v Line: 27
    Warning (13410): Pin "HEX0[3]" is stuck at GND File: C:/AlteraPrj/01_Compuertas/DE10_LITE_Default.v Line: 27
    Warning (13410): Pin "HEX0[4]" is stuck at GND File: C:/AlteraPrj/01_Compuertas/DE10_LITE_Default.v Line: 27
    Warning (13410): Pin "HEX0[5]" is stuck at GND File: C:/AlteraPrj/01_Compuertas/DE10_LITE_Default.v Line: 27
    Warning (13410): Pin "HEX0[6]" is stuck at VCC File: C:/AlteraPrj/01_Compuertas/DE10_LITE_Default.v Line: 27
    Warning (13410): Pin "HEX0[7]" is stuck at GND File: C:/AlteraPrj/01_Compuertas/DE10_LITE_Default.v Line: 27
    Warning (13410): Pin "HEX1[0]" is stuck at GND File: C:/AlteraPrj/01_Compuertas/DE10_LITE_Default.v Line: 28
    Warning (13410): Pin "HEX1[1]" is stuck at GND File: C:/AlteraPrj/01_Compuertas/DE10_LITE_Default.v Line: 28
    Warning (13410): Pin "HEX1[2]" is stuck at GND File: C:/AlteraPrj/01_Compuertas/DE10_LITE_Default.v Line: 28
    Warning (13410): Pin "HEX1[3]" is stuck at GND File: C:/AlteraPrj/01_Compuertas/DE10_LITE_Default.v Line: 28
    Warning (13410): Pin "HEX1[4]" is stuck at GND File: C:/AlteraPrj/01_Compuertas/DE10_LITE_Default.v Line: 28
    Warning (13410): Pin "HEX1[5]" is stuck at GND File: C:/AlteraPrj/01_Compuertas/DE10_LITE_Default.v Line: 28
    Warning (13410): Pin "HEX1[6]" is stuck at VCC File: C:/AlteraPrj/01_Compuertas/DE10_LITE_Default.v Line: 28
    Warning (13410): Pin "HEX1[7]" is stuck at GND File: C:/AlteraPrj/01_Compuertas/DE10_LITE_Default.v Line: 28
    Warning (13410): Pin "HEX2[0]" is stuck at GND File: C:/AlteraPrj/01_Compuertas/DE10_LITE_Default.v Line: 29
    Warning (13410): Pin "HEX2[1]" is stuck at GND File: C:/AlteraPrj/01_Compuertas/DE10_LITE_Default.v Line: 29
    Warning (13410): Pin "HEX2[2]" is stuck at GND File: C:/AlteraPrj/01_Compuertas/DE10_LITE_Default.v Line: 29
    Warning (13410): Pin "HEX2[3]" is stuck at GND File: C:/AlteraPrj/01_Compuertas/DE10_LITE_Default.v Line: 29
    Warning (13410): Pin "HEX2[4]" is stuck at GND File: C:/AlteraPrj/01_Compuertas/DE10_LITE_Default.v Line: 29
    Warning (13410): Pin "HEX2[5]" is stuck at GND File: C:/AlteraPrj/01_Compuertas/DE10_LITE_Default.v Line: 29
    Warning (13410): Pin "HEX2[6]" is stuck at VCC File: C:/AlteraPrj/01_Compuertas/DE10_LITE_Default.v Line: 29
    Warning (13410): Pin "HEX2[7]" is stuck at GND File: C:/AlteraPrj/01_Compuertas/DE10_LITE_Default.v Line: 29
    Warning (13410): Pin "HEX3[0]" is stuck at GND File: C:/AlteraPrj/01_Compuertas/DE10_LITE_Default.v Line: 30
    Warning (13410): Pin "HEX3[1]" is stuck at GND File: C:/AlteraPrj/01_Compuertas/DE10_LITE_Default.v Line: 30
    Warning (13410): Pin "HEX3[2]" is stuck at GND File: C:/AlteraPrj/01_Compuertas/DE10_LITE_Default.v Line: 30
    Warning (13410): Pin "HEX3[3]" is stuck at GND File: C:/AlteraPrj/01_Compuertas/DE10_LITE_Default.v Line: 30
    Warning (13410): Pin "HEX3[4]" is stuck at GND File: C:/AlteraPrj/01_Compuertas/DE10_LITE_Default.v Line: 30
    Warning (13410): Pin "HEX3[5]" is stuck at GND File: C:/AlteraPrj/01_Compuertas/DE10_LITE_Default.v Line: 30
    Warning (13410): Pin "HEX3[6]" is stuck at VCC File: C:/AlteraPrj/01_Compuertas/DE10_LITE_Default.v Line: 30
    Warning (13410): Pin "HEX3[7]" is stuck at GND File: C:/AlteraPrj/01_Compuertas/DE10_LITE_Default.v Line: 30
    Warning (13410): Pin "HEX4[0]" is stuck at GND File: C:/AlteraPrj/01_Compuertas/DE10_LITE_Default.v Line: 31
    Warning (13410): Pin "HEX4[1]" is stuck at GND File: C:/AlteraPrj/01_Compuertas/DE10_LITE_Default.v Line: 31
    Warning (13410): Pin "HEX4[2]" is stuck at GND File: C:/AlteraPrj/01_Compuertas/DE10_LITE_Default.v Line: 31
    Warning (13410): Pin "HEX4[3]" is stuck at GND File: C:/AlteraPrj/01_Compuertas/DE10_LITE_Default.v Line: 31
    Warning (13410): Pin "HEX4[4]" is stuck at GND File: C:/AlteraPrj/01_Compuertas/DE10_LITE_Default.v Line: 31
    Warning (13410): Pin "HEX4[5]" is stuck at GND File: C:/AlteraPrj/01_Compuertas/DE10_LITE_Default.v Line: 31
    Warning (13410): Pin "HEX4[6]" is stuck at VCC File: C:/AlteraPrj/01_Compuertas/DE10_LITE_Default.v Line: 31
    Warning (13410): Pin "HEX4[7]" is stuck at GND File: C:/AlteraPrj/01_Compuertas/DE10_LITE_Default.v Line: 31
    Warning (13410): Pin "HEX5[0]" is stuck at GND File: C:/AlteraPrj/01_Compuertas/DE10_LITE_Default.v Line: 32
    Warning (13410): Pin "HEX5[1]" is stuck at GND File: C:/AlteraPrj/01_Compuertas/DE10_LITE_Default.v Line: 32
    Warning (13410): Pin "HEX5[2]" is stuck at GND File: C:/AlteraPrj/01_Compuertas/DE10_LITE_Default.v Line: 32
    Warning (13410): Pin "HEX5[3]" is stuck at GND File: C:/AlteraPrj/01_Compuertas/DE10_LITE_Default.v Line: 32
    Warning (13410): Pin "HEX5[4]" is stuck at GND File: C:/AlteraPrj/01_Compuertas/DE10_LITE_Default.v Line: 32
    Warning (13410): Pin "HEX5[5]" is stuck at GND File: C:/AlteraPrj/01_Compuertas/DE10_LITE_Default.v Line: 32
    Warning (13410): Pin "HEX5[6]" is stuck at VCC File: C:/AlteraPrj/01_Compuertas/DE10_LITE_Default.v Line: 32
    Warning (13410): Pin "HEX5[7]" is stuck at GND File: C:/AlteraPrj/01_Compuertas/DE10_LITE_Default.v Line: 32
    Warning (13410): Pin "LEDR[3]" is stuck at GND File: C:/AlteraPrj/01_Compuertas/DE10_LITE_Default.v Line: 38
    Warning (13410): Pin "LEDR[4]" is stuck at GND File: C:/AlteraPrj/01_Compuertas/DE10_LITE_Default.v Line: 38
    Warning (13410): Pin "LEDR[5]" is stuck at GND File: C:/AlteraPrj/01_Compuertas/DE10_LITE_Default.v Line: 38
    Warning (13410): Pin "LEDR[6]" is stuck at GND File: C:/AlteraPrj/01_Compuertas/DE10_LITE_Default.v Line: 38
    Warning (13410): Pin "LEDR[7]" is stuck at GND File: C:/AlteraPrj/01_Compuertas/DE10_LITE_Default.v Line: 38
    Warning (13410): Pin "LEDR[8]" is stuck at GND File: C:/AlteraPrj/01_Compuertas/DE10_LITE_Default.v Line: 38
    Warning (13410): Pin "LEDR[9]" is stuck at GND File: C:/AlteraPrj/01_Compuertas/DE10_LITE_Default.v Line: 38
    Warning (13410): Pin "VGA_B[0]" is stuck at GND File: C:/AlteraPrj/01_Compuertas/DE10_LITE_Default.v Line: 44
    Warning (13410): Pin "VGA_B[1]" is stuck at GND File: C:/AlteraPrj/01_Compuertas/DE10_LITE_Default.v Line: 44
    Warning (13410): Pin "VGA_B[2]" is stuck at GND File: C:/AlteraPrj/01_Compuertas/DE10_LITE_Default.v Line: 44
    Warning (13410): Pin "VGA_B[3]" is stuck at GND File: C:/AlteraPrj/01_Compuertas/DE10_LITE_Default.v Line: 44
    Warning (13410): Pin "VGA_G[0]" is stuck at GND File: C:/AlteraPrj/01_Compuertas/DE10_LITE_Default.v Line: 45
    Warning (13410): Pin "VGA_G[1]" is stuck at GND File: C:/AlteraPrj/01_Compuertas/DE10_LITE_Default.v Line: 45
    Warning (13410): Pin "VGA_G[2]" is stuck at GND File: C:/AlteraPrj/01_Compuertas/DE10_LITE_Default.v Line: 45
    Warning (13410): Pin "VGA_G[3]" is stuck at GND File: C:/AlteraPrj/01_Compuertas/DE10_LITE_Default.v Line: 45
    Warning (13410): Pin "VGA_HS" is stuck at GND File: C:/AlteraPrj/01_Compuertas/DE10_LITE_Default.v Line: 46
    Warning (13410): Pin "VGA_R[0]" is stuck at GND File: C:/AlteraPrj/01_Compuertas/DE10_LITE_Default.v Line: 47
    Warning (13410): Pin "VGA_R[1]" is stuck at GND File: C:/AlteraPrj/01_Compuertas/DE10_LITE_Default.v Line: 47
    Warning (13410): Pin "VGA_R[2]" is stuck at GND File: C:/AlteraPrj/01_Compuertas/DE10_LITE_Default.v Line: 47
    Warning (13410): Pin "VGA_R[3]" is stuck at GND File: C:/AlteraPrj/01_Compuertas/DE10_LITE_Default.v Line: 47
    Warning (13410): Pin "VGA_VS" is stuck at GND File: C:/AlteraPrj/01_Compuertas/DE10_LITE_Default.v Line: 48
    Warning (13410): Pin "GSENSOR_CS_N" is stuck at VCC File: C:/AlteraPrj/01_Compuertas/DE10_LITE_Default.v Line: 51
    Warning (13410): Pin "GSENSOR_SCLK" is stuck at VCC File: C:/AlteraPrj/01_Compuertas/DE10_LITE_Default.v Line: 53
Info (286030): Timing-Driven Synthesis is running
Info (17049): 3 registers lost all their fanouts during netlist optimizations.
Info (144001): Generated suppressed messages file C:/AlteraPrj/01_Compuertas/Compuertas.map.smsg
Info (16010): Generating hard_block partition "hard_block:auto_generated_inst"
    Info (16011): Adding 0 node(s), including 0 DDIO, 0 PLL, 0 transceiver and 0 LCELL
Warning (21074): Design contains 15 input pin(s) that do not drive logic
    Warning (15610): No output dependent on input pin "ADC_CLK_10" File: C:/AlteraPrj/01_Compuertas/DE10_LITE_Default.v Line: 9
    Warning (15610): No output dependent on input pin "MAX10_CLK1_50" File: C:/AlteraPrj/01_Compuertas/DE10_LITE_Default.v Line: 10
    Warning (15610): No output dependent on input pin "MAX10_CLK2_50" File: C:/AlteraPrj/01_Compuertas/DE10_LITE_Default.v Line: 11
    Warning (15610): No output dependent on input pin "KEY[0]" File: C:/AlteraPrj/01_Compuertas/DE10_LITE_Default.v Line: 35
    Warning (15610): No output dependent on input pin "KEY[1]" File: C:/AlteraPrj/01_Compuertas/DE10_LITE_Default.v Line: 35
    Warning (15610): No output dependent on input pin "SW[2]" File: C:/AlteraPrj/01_Compuertas/DE10_LITE_Default.v Line: 41
    Warning (15610): No output dependent on input pin "SW[3]" File: C:/AlteraPrj/01_Compuertas/DE10_LITE_Default.v Line: 41
    Warning (15610): No output dependent on input pin "SW[4]" File: C:/AlteraPrj/01_Compuertas/DE10_LITE_Default.v Line: 41
    Warning (15610): No output dependent on input pin "SW[5]" File: C:/AlteraPrj/01_Compuertas/DE10_LITE_Default.v Line: 41
    Warning (15610): No output dependent on input pin "SW[6]" File: C:/AlteraPrj/01_Compuertas/DE10_LITE_Default.v Line: 41
    Warning (15610): No output dependent on input pin "SW[7]" File: C:/AlteraPrj/01_Compuertas/DE10_LITE_Default.v Line: 41
    Warning (15610): No output dependent on input pin "SW[8]" File: C:/AlteraPrj/01_Compuertas/DE10_LITE_Default.v Line: 41
    Warning (15610): No output dependent on input pin "SW[9]" File: C:/AlteraPrj/01_Compuertas/DE10_LITE_Default.v Line: 41
    Warning (15610): No output dependent on input pin "GSENSOR_INT[1]" File: C:/AlteraPrj/01_Compuertas/DE10_LITE_Default.v Line: 52
    Warning (15610): No output dependent on input pin "GSENSOR_INT[2]" File: C:/AlteraPrj/01_Compuertas/DE10_LITE_Default.v Line: 52
Info (21057): Implemented 187 device resources after synthesis - the final resource count might be different
    Info (21058): Implemented 17 input pins
    Info (21059): Implemented 97 output pins
    Info (21060): Implemented 71 bidirectional pins
    Info (21061): Implemented 2 logic cells
Info: Quartus Prime Analysis & Synthesis was successful. 0 errors, 205 warnings
    Info: Peak virtual memory: 4788 megabytes
    Info: Processing ended: Fri Sep 24 20:09:56 2021
    Info: Elapsed time: 00:00:16
    Info: Total CPU time (on all processors): 00:00:32


+------------------------------------------+
; Analysis & Synthesis Suppressed Messages ;
+------------------------------------------+
The suppressed messages can be found in C:/AlteraPrj/01_Compuertas/Compuertas.map.smsg.


